2025-07-17 19:55:25 - INFO - ============================================================
2025-07-17 19:55:25 - INFO - FPLO可视化工具启动
2025-07-17 19:55:25 - INFO - 启动时间: 2025-07-17 19:55:25.010727
2025-07-17 19:55:25 - INFO - Python版本: 3.12.3 (main, Jun 18 2025, 17:59:45) [GCC 13.3.0]
2025-07-17 19:55:25 - INFO - ============================================================
2025-07-17 19:55:25 - INFO - STATUS: FPLO可视化工具主窗口初始化
2025-07-17 19:55:26 - INFO - 程序启动完成
2025-07-17 19:55:31 - INFO - [19:55:31] 用户操作: 打开文件对话框
2025-07-17 19:55:33 - INFO - [19:55:33] 用户操作: 选择文件 - /mnt/d/Code/FPLO_bwei_plot/+bweights
2025-07-17 19:55:33 - INFO - 开始加载文件: /mnt/d/Code/FPLO_bwei_plot/+bweights
2025-07-17 19:55:33 - INFO - 开始读取文件...
2025-07-17 19:55:33 - INFO - 初始化可视化器...
2025-07-17 19:55:33 - INFO - 分析文件信息...
2025-07-17 19:55:37 - INFO - 解析头部和轨道信息...
2025-07-17 19:55:37 - INFO - 读取和重组数据...
2025-07-17 19:55:48 - INFO - 数据采样: 限制到 200 个k点以提高性能
2025-07-17 19:55:48 - INFO - 完成数据处理...
2025-07-17 19:55:48 - INFO - 检测到 3 种元素: Ag, Br, Cs
2025-07-17 19:55:48 - INFO - 检测到 3 种轨道: d, p, s
2025-07-17 19:55:48 - INFO - 总计 9 个轨道组合
2025-07-17 19:55:48 - INFO - 数据加载完成!
2025-07-17 19:55:48 - INFO - 加载体系文件: /mnt/d/Code/FPLO_bwei_plot/+bweights
2025-07-17 19:55:48 - INFO - 体系元素: Ag, Br, Cs
2025-07-17 19:55:48 - DEBUG - 绘制视图: complete
2025-07-17 19:55:48 - DEBUG - 使用可视化器类型: FPLOVisualizer
2025-07-17 19:55:48 - DEBUG - 调用完整能带绘制方法
2025-07-17 19:55:48 - INFO - 数据加载完成！
2025-07-17 19:55:48 - INFO - 数据: 元素种类 - 3 种: Ag, Br, Cs
2025-07-17 19:55:48 - INFO - 数据: 轨道类型 - 3 种: d, p, s
2025-07-17 19:55:48 - INFO - 数据: 轨道组合 - 总计 9 个
2025-07-17 19:55:48 - INFO -   Cs s: 6 个权重, 颜色: #c5dbf1
2025-07-17 19:55:48 - INFO -   Cs p: 12 个权重, 颜色: #ffd1a3
2025-07-17 19:55:48 - INFO -   Cs d: 20 个权重, 颜色: #c7e9c7
2025-07-17 19:55:48 - INFO -   Ag s: 6 个权重, 颜色: #1f77b4
2025-07-17 19:55:48 - INFO -   Ag p: 12 个权重, 颜色: #ff7f0e
2025-07-17 19:55:48 - INFO -   Ag d: 20 个权重, 颜色: #2ca02c
2025-07-17 19:55:48 - INFO -   Br s: 18 个权重, 颜色: #aec7e8
2025-07-17 19:55:48 - INFO -   Br p: 54 个权重, 颜色: #ffbb78
2025-07-17 19:55:48 - INFO -   Br d: 60 个权重, 颜色: #98df8a
2025-07-17 19:55:48 - INFO - 可以开始分析，使用右侧面板控制显示
2025-07-17 19:55:51 - INFO - [19:55:51] 用户操作: 切换到费米专注模式
2025-07-17 19:55:51 - INFO - 切换到费米专注可视化器
2025-07-17 19:55:51 - DEBUG - 已清除完整能带缓存
2025-07-17 19:55:51 - INFO - 创建新的费米专注可视化器
2025-07-17 19:56:35 - DEBUG - 绘制视图: fermi
2025-07-17 19:56:35 - DEBUG - 使用可视化器类型: FPLOVisualizer
2025-07-17 19:56:35 - DEBUG - 调用费米专注绘制方法
2025-07-17 19:56:35 - INFO - 费米专注模式绘制完成，能量范围: -5.00 ~ 5.00 eV
2025-07-17 19:56:42 - DEBUG - 绘制视图: fermi
2025-07-17 19:56:42 - DEBUG - 使用可视化器类型: FPLOVisualizer
2025-07-17 19:56:42 - DEBUG - 调用费米专注绘制方法
2025-07-17 19:56:43 - INFO - 费米专注模式绘制完成，能量范围: -4.50 ~ 5.00 eV
2025-07-17 19:56:43 - DEBUG - 绘制视图: fermi
2025-07-17 19:56:43 - DEBUG - 使用可视化器类型: FPLOVisualizer
2025-07-17 19:56:43 - DEBUG - 调用费米专注绘制方法
2025-07-17 19:56:43 - INFO - 费米专注模式绘制完成，能量范围: -5.00 ~ 5.00 eV
2025-07-17 19:56:44 - DEBUG - 绘制视图: fermi
2025-07-17 19:56:44 - DEBUG - 使用可视化器类型: FPLOVisualizer
2025-07-17 19:56:44 - DEBUG - 调用费米专注绘制方法
2025-07-17 19:56:44 - INFO - 费米专注模式绘制完成，能量范围: -5.50 ~ 5.00 eV
2025-07-17 19:56:44 - DEBUG - 绘制视图: fermi
2025-07-17 19:56:44 - DEBUG - 使用可视化器类型: FPLOVisualizer
2025-07-17 19:56:44 - DEBUG - 调用费米专注绘制方法
2025-07-17 19:56:44 - INFO - 费米专注模式绘制完成，能量范围: -6.00 ~ 5.00 eV
2025-07-17 19:56:44 - DEBUG - 绘制视图: fermi
2025-07-17 19:56:44 - DEBUG - 使用可视化器类型: FPLOVisualizer
2025-07-17 19:56:44 - DEBUG - 调用费米专注绘制方法
2025-07-17 19:56:44 - INFO - 费米专注模式绘制完成，能量范围: -6.50 ~ 5.00 eV
2025-07-17 19:56:44 - DEBUG - 绘制视图: fermi
2025-07-17 19:56:44 - DEBUG - 使用可视化器类型: FPLOVisualizer
2025-07-17 19:56:44 - DEBUG - 调用费米专注绘制方法
2025-07-17 19:56:44 - INFO - 费米专注模式绘制完成，能量范围: -7.00 ~ 5.00 eV
2025-07-17 19:56:44 - DEBUG - 绘制视图: fermi
2025-07-17 19:56:44 - DEBUG - 使用可视化器类型: FPLOVisualizer
2025-07-17 19:56:44 - DEBUG - 调用费米专注绘制方法
2025-07-17 19:56:44 - INFO - 费米专注模式绘制完成，能量范围: -7.50 ~ 5.00 eV
2025-07-17 19:56:45 - DEBUG - 绘制视图: fermi
2025-07-17 19:56:45 - DEBUG - 使用可视化器类型: FPLOVisualizer
2025-07-17 19:56:45 - DEBUG - 调用费米专注绘制方法
2025-07-17 19:56:45 - INFO - 费米专注模式绘制完成，能量范围: -8.00 ~ 5.00 eV
2025-07-17 19:56:45 - DEBUG - 绘制视图: fermi
2025-07-17 19:56:45 - DEBUG - 使用可视化器类型: FPLOVisualizer
2025-07-17 19:56:45 - DEBUG - 调用费米专注绘制方法
2025-07-17 19:56:45 - INFO - 费米专注模式绘制完成，能量范围: -8.50 ~ 5.00 eV
2025-07-17 19:56:45 - DEBUG - 绘制视图: fermi
2025-07-17 19:56:45 - DEBUG - 使用可视化器类型: FPLOVisualizer
2025-07-17 19:56:45 - DEBUG - 调用费米专注绘制方法
2025-07-17 19:56:45 - INFO - 费米专注模式绘制完成，能量范围: -9.00 ~ 5.00 eV
2025-07-17 19:56:45 - DEBUG - 绘制视图: fermi
2025-07-17 19:56:45 - DEBUG - 使用可视化器类型: FPLOVisualizer
2025-07-17 19:56:45 - DEBUG - 调用费米专注绘制方法
2025-07-17 19:56:46 - INFO - 费米专注模式绘制完成，能量范围: -9.50 ~ 5.00 eV
2025-07-17 19:56:46 - DEBUG - 绘制视图: fermi
2025-07-17 19:56:46 - DEBUG - 使用可视化器类型: FPLOVisualizer
2025-07-17 19:56:46 - DEBUG - 调用费米专注绘制方法
2025-07-17 19:56:46 - INFO - 费米专注模式绘制完成，能量范围: -9.00 ~ 5.00 eV
2025-07-17 19:56:48 - DEBUG - 绘制视图: fermi
2025-07-17 19:56:48 - DEBUG - 使用可视化器类型: FPLOVisualizer
2025-07-17 19:56:48 - DEBUG - 调用费米专注绘制方法
2025-07-17 19:56:48 - INFO - 费米专注模式绘制完成，能量范围: -9.00 ~ 5.50 eV
2025-07-17 19:56:48 - DEBUG - 绘制视图: fermi
2025-07-17 19:56:48 - DEBUG - 使用可视化器类型: FPLOVisualizer
2025-07-17 19:56:48 - DEBUG - 调用费米专注绘制方法
2025-07-17 19:56:48 - INFO - 费米专注模式绘制完成，能量范围: -9.00 ~ 6.00 eV
2025-07-17 19:56:48 - DEBUG - 绘制视图: fermi
2025-07-17 19:56:48 - DEBUG - 使用可视化器类型: FPLOVisualizer
2025-07-17 19:56:48 - DEBUG - 调用费米专注绘制方法
2025-07-17 19:56:48 - INFO - 费米专注模式绘制完成，能量范围: -9.00 ~ 6.50 eV
2025-07-17 19:56:48 - DEBUG - 绘制视图: fermi
2025-07-17 19:56:48 - DEBUG - 使用可视化器类型: FPLOVisualizer
2025-07-17 19:56:48 - DEBUG - 调用费米专注绘制方法
2025-07-17 19:56:48 - INFO - 费米专注模式绘制完成，能量范围: -9.00 ~ 7.00 eV
2025-07-17 19:56:48 - DEBUG - 绘制视图: fermi
2025-07-17 19:56:48 - DEBUG - 使用可视化器类型: FPLOVisualizer
2025-07-17 19:56:48 - DEBUG - 调用费米专注绘制方法
2025-07-17 19:56:48 - INFO - 费米专注模式绘制完成，能量范围: -9.00 ~ 7.50 eV
2025-07-17 19:56:49 - DEBUG - 绘制视图: fermi
2025-07-17 19:56:49 - DEBUG - 使用可视化器类型: FPLOVisualizer
2025-07-17 19:56:49 - DEBUG - 调用费米专注绘制方法
2025-07-17 19:56:49 - INFO - 费米专注模式绘制完成，能量范围: -9.00 ~ 8.00 eV
2025-07-17 19:56:49 - DEBUG - 绘制视图: fermi
2025-07-17 19:56:49 - DEBUG - 使用可视化器类型: FPLOVisualizer
2025-07-17 19:56:49 - DEBUG - 调用费米专注绘制方法
2025-07-17 19:56:49 - INFO - 费米专注模式绘制完成，能量范围: -9.00 ~ 8.50 eV
2025-07-17 19:56:49 - DEBUG - 绘制视图: fermi
2025-07-17 19:56:49 - DEBUG - 使用可视化器类型: FPLOVisualizer
2025-07-17 19:56:49 - DEBUG - 调用费米专注绘制方法
2025-07-17 19:56:49 - INFO - 费米专注模式绘制完成，能量范围: -9.00 ~ 9.00 eV
2025-07-17 19:56:49 - DEBUG - 绘制视图: fermi
2025-07-17 19:56:49 - DEBUG - 使用可视化器类型: FPLOVisualizer
2025-07-17 19:56:49 - DEBUG - 调用费米专注绘制方法
2025-07-17 19:56:49 - INFO - 费米专注模式绘制完成，能量范围: -9.00 ~ 9.50 eV
2025-07-17 19:56:49 - DEBUG - 绘制视图: fermi
2025-07-17 19:56:49 - DEBUG - 使用可视化器类型: FPLOVisualizer
2025-07-17 19:56:49 - DEBUG - 调用费米专注绘制方法
2025-07-17 19:56:49 - INFO - 费米专注模式绘制完成，能量范围: -9.00 ~ 10.00 eV
2025-07-17 19:56:49 - DEBUG - 绘制视图: fermi
2025-07-17 19:56:49 - DEBUG - 使用可视化器类型: FPLOVisualizer
2025-07-17 19:56:49 - DEBUG - 调用费米专注绘制方法
2025-07-17 19:56:49 - INFO - 费米专注模式绘制完成，能量范围: -9.00 ~ 10.50 eV
2025-07-17 19:56:50 - DEBUG - 绘制视图: fermi
2025-07-17 19:56:50 - DEBUG - 使用可视化器类型: FPLOVisualizer
2025-07-17 19:56:50 - DEBUG - 调用费米专注绘制方法
2025-07-17 19:56:50 - INFO - 费米专注模式绘制完成，能量范围: -9.00 ~ 11.00 eV
2025-07-17 19:56:50 - DEBUG - 绘制视图: fermi
2025-07-17 19:56:50 - DEBUG - 使用可视化器类型: FPLOVisualizer
2025-07-17 19:56:50 - DEBUG - 调用费米专注绘制方法
2025-07-17 19:56:50 - INFO - 费米专注模式绘制完成，能量范围: -9.00 ~ 11.50 eV
2025-07-17 19:56:50 - DEBUG - 绘制视图: fermi
2025-07-17 19:56:50 - DEBUG - 使用可视化器类型: FPLOVisualizer
2025-07-17 19:56:50 - DEBUG - 调用费米专注绘制方法
2025-07-17 19:56:50 - INFO - 费米专注模式绘制完成，能量范围: -9.00 ~ 12.00 eV
2025-07-17 19:56:50 - DEBUG - 绘制视图: fermi
2025-07-17 19:56:50 - DEBUG - 使用可视化器类型: FPLOVisualizer
2025-07-17 19:56:50 - DEBUG - 调用费米专注绘制方法
2025-07-17 19:56:50 - INFO - 费米专注模式绘制完成，能量范围: -9.00 ~ 12.50 eV
2025-07-17 19:56:50 - DEBUG - 绘制视图: fermi
2025-07-17 19:56:50 - DEBUG - 使用可视化器类型: FPLOVisualizer
2025-07-17 19:56:50 - DEBUG - 调用费米专注绘制方法
2025-07-17 19:56:50 - INFO - 费米专注模式绘制完成，能量范围: -9.00 ~ 13.00 eV
2025-07-17 19:56:50 - DEBUG - 绘制视图: fermi
2025-07-17 19:56:50 - DEBUG - 使用可视化器类型: FPLOVisualizer
2025-07-17 19:56:50 - DEBUG - 调用费米专注绘制方法
2025-07-17 19:56:51 - INFO - 费米专注模式绘制完成，能量范围: -9.00 ~ 13.50 eV
2025-07-17 19:56:51 - DEBUG - 绘制视图: fermi
2025-07-17 19:56:51 - DEBUG - 使用可视化器类型: FPLOVisualizer
2025-07-17 19:56:51 - DEBUG - 调用费米专注绘制方法
2025-07-17 19:56:51 - INFO - 费米专注模式绘制完成，能量范围: -9.00 ~ 14.00 eV
2025-07-17 19:56:51 - DEBUG - 绘制视图: fermi
2025-07-17 19:56:51 - DEBUG - 使用可视化器类型: FPLOVisualizer
2025-07-17 19:56:51 - DEBUG - 调用费米专注绘制方法
2025-07-17 19:56:51 - INFO - 费米专注模式绘制完成，能量范围: -9.00 ~ 14.50 eV
2025-07-17 19:56:51 - DEBUG - 绘制视图: fermi
2025-07-17 19:56:51 - DEBUG - 使用可视化器类型: FPLOVisualizer
2025-07-17 19:56:51 - DEBUG - 调用费米专注绘制方法
2025-07-17 19:56:51 - INFO - 费米专注模式绘制完成，能量范围: -9.00 ~ 15.00 eV
2025-07-17 19:56:51 - DEBUG - 绘制视图: fermi
2025-07-17 19:56:51 - DEBUG - 使用可视化器类型: FPLOVisualizer
2025-07-17 19:56:51 - DEBUG - 调用费米专注绘制方法
2025-07-17 19:56:52 - INFO - 费米专注模式绘制完成，能量范围: -9.00 ~ 15.50 eV
2025-07-17 19:56:52 - DEBUG - 绘制视图: fermi
2025-07-17 19:56:52 - DEBUG - 使用可视化器类型: FPLOVisualizer
2025-07-17 19:56:52 - DEBUG - 调用费米专注绘制方法
2025-07-17 19:56:52 - INFO - 费米专注模式绘制完成，能量范围: -9.00 ~ 16.00 eV
2025-07-17 19:56:52 - DEBUG - 绘制视图: fermi
2025-07-17 19:56:52 - DEBUG - 使用可视化器类型: FPLOVisualizer
2025-07-17 19:56:52 - DEBUG - 调用费米专注绘制方法
2025-07-17 19:56:52 - INFO - 费米专注模式绘制完成，能量范围: -9.00 ~ 16.50 eV
2025-07-17 19:56:52 - DEBUG - 绘制视图: fermi
2025-07-17 19:56:52 - DEBUG - 使用可视化器类型: FPLOVisualizer
2025-07-17 19:56:52 - DEBUG - 调用费米专注绘制方法
2025-07-17 19:56:52 - INFO - 费米专注模式绘制完成，能量范围: -9.00 ~ 17.00 eV
2025-07-17 19:56:52 - DEBUG - 绘制视图: fermi
2025-07-17 19:56:52 - DEBUG - 使用可视化器类型: FPLOVisualizer
2025-07-17 19:56:52 - DEBUG - 调用费米专注绘制方法
2025-07-17 19:56:52 - INFO - 费米专注模式绘制完成，能量范围: -9.00 ~ 17.50 eV
2025-07-17 19:56:52 - DEBUG - 绘制视图: fermi
2025-07-17 19:56:52 - DEBUG - 使用可视化器类型: FPLOVisualizer
2025-07-17 19:56:52 - DEBUG - 调用费米专注绘制方法
2025-07-17 19:56:52 - INFO - 费米专注模式绘制完成，能量范围: -9.00 ~ 18.00 eV
2025-07-17 19:56:53 - DEBUG - 绘制视图: fermi
2025-07-17 19:56:53 - DEBUG - 使用可视化器类型: FPLOVisualizer
2025-07-17 19:56:53 - DEBUG - 调用费米专注绘制方法
2025-07-17 19:56:53 - INFO - 费米专注模式绘制完成，能量范围: -9.00 ~ 18.50 eV
2025-07-17 19:56:53 - DEBUG - 绘制视图: fermi
2025-07-17 19:56:53 - DEBUG - 使用可视化器类型: FPLOVisualizer
2025-07-17 19:56:53 - DEBUG - 调用费米专注绘制方法
2025-07-17 19:56:53 - INFO - 费米专注模式绘制完成，能量范围: -9.00 ~ 19.00 eV
2025-07-17 19:56:53 - DEBUG - 绘制视图: fermi
2025-07-17 19:56:53 - DEBUG - 使用可视化器类型: FPLOVisualizer
2025-07-17 19:56:53 - DEBUG - 调用费米专注绘制方法
2025-07-17 19:56:53 - INFO - 费米专注模式绘制完成，能量范围: -9.00 ~ 19.50 eV
2025-07-17 19:56:53 - DEBUG - 绘制视图: fermi
2025-07-17 19:56:53 - DEBUG - 使用可视化器类型: FPLOVisualizer
2025-07-17 19:56:53 - DEBUG - 调用费米专注绘制方法
2025-07-17 19:56:53 - INFO - 费米专注模式绘制完成，能量范围: -9.00 ~ 20.00 eV
2025-07-17 19:56:53 - DEBUG - 绘制视图: fermi
2025-07-17 19:56:53 - DEBUG - 使用可视化器类型: FPLOVisualizer
2025-07-17 19:56:53 - DEBUG - 调用费米专注绘制方法
2025-07-17 19:56:54 - INFO - 费米专注模式绘制完成，能量范围: -9.00 ~ 20.50 eV
2025-07-17 19:56:54 - DEBUG - 绘制视图: fermi
2025-07-17 19:56:54 - DEBUG - 使用可视化器类型: FPLOVisualizer
2025-07-17 19:56:54 - DEBUG - 调用费米专注绘制方法
2025-07-17 19:56:54 - INFO - 费米专注模式绘制完成，能量范围: -9.00 ~ 21.00 eV
2025-07-17 19:56:54 - DEBUG - 绘制视图: fermi
2025-07-17 19:56:54 - DEBUG - 使用可视化器类型: FPLOVisualizer
2025-07-17 19:56:54 - DEBUG - 调用费米专注绘制方法
2025-07-17 19:56:54 - INFO - 费米专注模式绘制完成，能量范围: -9.00 ~ 21.50 eV
2025-07-17 19:56:55 - DEBUG - 绘制视图: fermi
2025-07-17 19:56:55 - DEBUG - 使用可视化器类型: FPLOVisualizer
2025-07-17 19:56:55 - DEBUG - 调用费米专注绘制方法
2025-07-17 19:56:55 - INFO - 费米专注模式绘制完成，能量范围: -9.00 ~ 22.00 eV
2025-07-17 19:56:55 - DEBUG - 绘制视图: fermi
2025-07-17 19:56:55 - DEBUG - 使用可视化器类型: FPLOVisualizer
2025-07-17 19:56:55 - DEBUG - 调用费米专注绘制方法
2025-07-17 19:56:55 - INFO - 费米专注模式绘制完成，能量范围: -9.00 ~ 22.50 eV
2025-07-17 19:56:56 - DEBUG - 绘制视图: fermi
2025-07-17 19:56:56 - DEBUG - 使用可视化器类型: FPLOVisualizer
2025-07-17 19:56:56 - DEBUG - 调用费米专注绘制方法
2025-07-17 19:56:56 - INFO - 费米专注模式绘制完成，能量范围: -9.00 ~ 23.00 eV
2025-07-17 19:56:56 - DEBUG - 绘制视图: fermi
2025-07-17 19:56:56 - DEBUG - 使用可视化器类型: FPLOVisualizer
2025-07-17 19:56:56 - DEBUG - 调用费米专注绘制方法
2025-07-17 19:56:56 - INFO - 费米专注模式绘制完成，能量范围: -9.00 ~ 23.50 eV
2025-07-17 19:56:57 - DEBUG - 绘制视图: fermi
2025-07-17 19:56:57 - DEBUG - 使用可视化器类型: FPLOVisualizer
2025-07-17 19:56:57 - DEBUG - 调用费米专注绘制方法
2025-07-17 19:56:57 - INFO - 费米专注模式绘制完成，能量范围: -9.00 ~ 24.00 eV
2025-07-17 19:56:58 - DEBUG - 绘制视图: fermi
2025-07-17 19:56:58 - DEBUG - 使用可视化器类型: FPLOVisualizer
2025-07-17 19:56:58 - DEBUG - 调用费米专注绘制方法
2025-07-17 19:56:59 - INFO - 费米专注模式绘制完成，能量范围: -9.00 ~ 24.00 eV
2025-07-17 19:57:06 - DEBUG - 绘制视图: fermi
2025-07-17 19:57:06 - DEBUG - 使用可视化器类型: FPLOVisualizer
2025-07-17 19:57:06 - DEBUG - 调用费米专注绘制方法
2025-07-17 19:57:07 - INFO - 费米专注模式绘制完成，能量范围: -9.00 ~ 24.00 eV
2025-07-17 19:57:07 - DEBUG - 绘制视图: fermi
2025-07-17 19:57:07 - DEBUG - 使用可视化器类型: FPLOVisualizer
2025-07-17 19:57:07 - DEBUG - 调用费米专注绘制方法
2025-07-17 19:57:08 - INFO - 费米专注模式绘制完成，能量范围: -9.00 ~ 24.00 eV
2025-07-17 19:57:09 - DEBUG - 绘制视图: fermi
2025-07-17 19:57:09 - DEBUG - 使用可视化器类型: FPLOVisualizer
2025-07-17 19:57:09 - DEBUG - 调用费米专注绘制方法
2025-07-17 19:57:09 - INFO - 费米专注模式绘制完成，能量范围: -9.00 ~ 24.00 eV
2025-07-17 19:57:10 - DEBUG - 绘制视图: fermi
2025-07-17 19:57:10 - DEBUG - 使用可视化器类型: FPLOVisualizer
2025-07-17 19:57:10 - DEBUG - 调用费米专注绘制方法
2025-07-17 19:57:10 - INFO - 费米专注模式绘制完成，能量范围: -9.00 ~ 24.00 eV
2025-07-17 19:57:14 - DEBUG - 绘制视图: fermi
2025-07-17 19:57:14 - DEBUG - 使用可视化器类型: FPLOVisualizer
2025-07-17 19:57:14 - DEBUG - 调用费米专注绘制方法
2025-07-17 19:57:14 - INFO - 费米专注模式绘制完成，能量范围: -9.00 ~ 24.00 eV
2025-07-17 19:57:15 - DEBUG - 绘制视图: fermi
2025-07-17 19:57:15 - DEBUG - 使用可视化器类型: FPLOVisualizer
2025-07-17 19:57:15 - DEBUG - 调用费米专注绘制方法
2025-07-17 19:57:15 - INFO - 费米专注模式绘制完成，能量范围: -9.00 ~ 24.00 eV
2025-07-17 19:57:17 - DEBUG - 绘制视图: fermi
2025-07-17 19:57:17 - DEBUG - 使用可视化器类型: FPLOVisualizer
2025-07-17 19:57:17 - DEBUG - 调用费米专注绘制方法
2025-07-17 19:57:17 - INFO - 费米专注模式绘制完成，能量范围: -9.00 ~ 24.00 eV
2025-07-17 19:57:18 - DEBUG - 绘制视图: fermi
2025-07-17 19:57:18 - DEBUG - 使用可视化器类型: FPLOVisualizer
2025-07-17 19:57:18 - DEBUG - 调用费米专注绘制方法
2025-07-17 19:57:18 - INFO - 费米专注模式绘制完成，能量范围: -9.00 ~ 24.00 eV
2025-07-17 19:57:21 - DEBUG - 绘制视图: fermi
2025-07-17 19:57:21 - DEBUG - 使用可视化器类型: FPLOVisualizer
2025-07-17 19:57:21 - DEBUG - 调用费米专注绘制方法
2025-07-17 19:57:21 - INFO - 费米专注模式绘制完成，能量范围: -9.00 ~ 24.00 eV
2025-07-17 19:57:22 - DEBUG - 绘制视图: fermi
2025-07-17 19:57:22 - DEBUG - 使用可视化器类型: FPLOVisualizer
2025-07-17 19:57:22 - DEBUG - 调用费米专注绘制方法
2025-07-17 19:57:22 - INFO - 费米专注模式绘制完成，能量范围: -9.00 ~ 24.00 eV
2025-07-17 19:57:23 - DEBUG - 绘制视图: fermi
2025-07-17 19:57:23 - DEBUG - 使用可视化器类型: FPLOVisualizer
2025-07-17 19:57:23 - DEBUG - 调用费米专注绘制方法
2025-07-17 19:57:23 - INFO - 费米专注模式绘制完成，能量范围: -9.00 ~ 24.00 eV
2025-07-17 19:57:24 - DEBUG - 绘制视图: fermi
2025-07-17 19:57:24 - DEBUG - 使用可视化器类型: FPLOVisualizer
2025-07-17 19:57:24 - DEBUG - 调用费米专注绘制方法
2025-07-17 19:57:25 - INFO - 费米专注模式绘制完成，能量范围: -9.00 ~ 24.00 eV
2025-07-17 19:57:27 - DEBUG - 绘制视图: fermi
2025-07-17 19:57:27 - DEBUG - 使用可视化器类型: FPLOVisualizer
2025-07-17 19:57:27 - DEBUG - 调用费米专注绘制方法
2025-07-17 19:57:27 - INFO - 费米专注模式绘制完成，能量范围: -9.00 ~ 24.00 eV
2025-07-17 19:57:28 - DEBUG - 绘制视图: fermi
2025-07-17 19:57:28 - DEBUG - 使用可视化器类型: FPLOVisualizer
2025-07-17 19:57:28 - DEBUG - 调用费米专注绘制方法
2025-07-17 19:57:29 - INFO - 费米专注模式绘制完成，能量范围: -9.00 ~ 24.00 eV
2025-07-17 19:57:29 - DEBUG - 绘制视图: fermi
2025-07-17 19:57:29 - DEBUG - 使用可视化器类型: FPLOVisualizer
2025-07-17 19:57:29 - DEBUG - 调用费米专注绘制方法
2025-07-17 19:57:30 - INFO - 费米专注模式绘制完成，能量范围: -9.00 ~ 24.00 eV
2025-07-17 19:57:30 - DEBUG - 绘制视图: fermi
2025-07-17 19:57:30 - DEBUG - 使用可视化器类型: FPLOVisualizer
2025-07-17 19:57:30 - DEBUG - 调用费米专注绘制方法
2025-07-17 19:57:31 - INFO - 费米专注模式绘制完成，能量范围: -9.00 ~ 24.00 eV
2025-07-17 19:57:31 - DEBUG - 绘制视图: fermi
2025-07-17 19:57:31 - DEBUG - 使用可视化器类型: FPLOVisualizer
2025-07-17 19:57:31 - DEBUG - 调用费米专注绘制方法
2025-07-17 19:57:31 - INFO - 费米专注模式绘制完成，能量范围: -9.00 ~ 24.00 eV
2025-07-17 19:57:32 - DEBUG - 绘制视图: fermi
2025-07-17 19:57:32 - DEBUG - 使用可视化器类型: FPLOVisualizer
2025-07-17 19:57:32 - DEBUG - 调用费米专注绘制方法
2025-07-17 19:57:33 - INFO - 费米专注模式绘制完成，能量范围: -9.00 ~ 24.00 eV
2025-07-17 19:57:33 - DEBUG - 绘制视图: fermi
2025-07-17 19:57:33 - DEBUG - 使用可视化器类型: FPLOVisualizer
2025-07-17 19:57:33 - DEBUG - 调用费米专注绘制方法
2025-07-17 19:57:34 - INFO - 费米专注模式绘制完成，能量范围: -9.00 ~ 24.00 eV
2025-07-17 19:57:57 - DEBUG - 绘制视图: fermi
2025-07-17 19:57:57 - DEBUG - 使用可视化器类型: FPLOVisualizer
2025-07-17 19:57:57 - DEBUG - 调用费米专注绘制方法
2025-07-17 19:57:57 - INFO - 费米专注模式绘制完成，能量范围: -9.00 ~ 24.00 eV
2025-07-17 19:57:59 - DEBUG - 绘制视图: fermi
2025-07-17 19:57:59 - DEBUG - 使用可视化器类型: FPLOVisualizer
2025-07-17 19:57:59 - DEBUG - 调用费米专注绘制方法
2025-07-17 19:57:59 - INFO - 费米专注模式绘制完成，能量范围: -9.00 ~ 24.00 eV
2025-07-17 19:58:00 - DEBUG - 绘制视图: fermi
2025-07-17 19:58:00 - DEBUG - 使用可视化器类型: FPLOVisualizer
2025-07-17 19:58:00 - DEBUG - 调用费米专注绘制方法
2025-07-17 19:58:00 - INFO - 费米专注模式绘制完成，能量范围: -9.00 ~ 24.00 eV
2025-07-17 19:58:01 - DEBUG - 绘制视图: fermi
2025-07-17 19:58:01 - DEBUG - 使用可视化器类型: FPLOVisualizer
2025-07-17 19:58:01 - DEBUG - 调用费米专注绘制方法
2025-07-17 19:58:01 - INFO - 费米专注模式绘制完成，能量范围: -9.00 ~ 24.00 eV
2025-07-17 19:58:01 - DEBUG - 绘制视图: fermi
2025-07-17 19:58:01 - DEBUG - 使用可视化器类型: FPLOVisualizer
2025-07-17 19:58:01 - DEBUG - 调用费米专注绘制方法
2025-07-17 19:58:01 - INFO - 费米专注模式绘制完成，能量范围: -9.00 ~ 24.00 eV
2025-07-17 19:58:02 - DEBUG - 绘制视图: fermi
2025-07-17 19:58:02 - DEBUG - 使用可视化器类型: FPLOVisualizer
2025-07-17 19:58:02 - DEBUG - 调用费米专注绘制方法
2025-07-17 19:58:02 - INFO - 费米专注模式绘制完成，能量范围: -9.00 ~ 24.00 eV
2025-07-17 19:58:02 - DEBUG - 绘制视图: fermi
2025-07-17 19:58:02 - DEBUG - 使用可视化器类型: FPLOVisualizer
2025-07-17 19:58:02 - DEBUG - 调用费米专注绘制方法
2025-07-17 19:58:03 - INFO - 费米专注模式绘制完成，能量范围: -9.00 ~ 24.00 eV
2025-07-17 19:58:04 - DEBUG - 绘制视图: fermi
2025-07-17 19:58:04 - DEBUG - 使用可视化器类型: FPLOVisualizer
2025-07-17 19:58:04 - DEBUG - 调用费米专注绘制方法
2025-07-17 19:58:05 - INFO - 费米专注模式绘制完成，能量范围: -9.00 ~ 24.00 eV
2025-07-17 19:58:05 - DEBUG - 绘制视图: fermi
2025-07-17 19:58:05 - DEBUG - 使用可视化器类型: FPLOVisualizer
2025-07-17 19:58:05 - DEBUG - 调用费米专注绘制方法
2025-07-17 19:58:05 - INFO - 费米专注模式绘制完成，能量范围: -9.00 ~ 24.00 eV
2025-07-17 19:58:06 - DEBUG - 绘制视图: fermi
2025-07-17 19:58:06 - DEBUG - 使用可视化器类型: FPLOVisualizer
2025-07-17 19:58:06 - DEBUG - 调用费米专注绘制方法
2025-07-17 19:58:06 - INFO - 费米专注模式绘制完成，能量范围: -9.00 ~ 24.00 eV
2025-07-17 19:58:06 - DEBUG - 绘制视图: fermi
2025-07-17 19:58:06 - DEBUG - 使用可视化器类型: FPLOVisualizer
2025-07-17 19:58:06 - DEBUG - 调用费米专注绘制方法
2025-07-17 19:58:06 - INFO - 费米专注模式绘制完成，能量范围: -9.00 ~ 24.00 eV
2025-07-17 19:58:08 - DEBUG - 绘制视图: fermi
2025-07-17 19:58:08 - DEBUG - 使用可视化器类型: FPLOVisualizer
2025-07-17 19:58:08 - DEBUG - 调用费米专注绘制方法
2025-07-17 19:58:08 - INFO - 费米专注模式绘制完成，能量范围: -9.00 ~ 24.00 eV
2025-07-17 19:58:08 - DEBUG - 绘制视图: fermi
2025-07-17 19:58:08 - DEBUG - 使用可视化器类型: FPLOVisualizer
2025-07-17 19:58:08 - DEBUG - 调用费米专注绘制方法
2025-07-17 19:58:08 - INFO - 费米专注模式绘制完成，能量范围: -9.00 ~ 24.00 eV
2025-07-17 19:58:09 - DEBUG - 绘制视图: fermi
2025-07-17 19:58:09 - DEBUG - 使用可视化器类型: FPLOVisualizer
2025-07-17 19:58:09 - DEBUG - 调用费米专注绘制方法
2025-07-17 19:58:09 - INFO - 费米专注模式绘制完成，能量范围: -9.00 ~ 24.00 eV
2025-07-17 19:58:09 - DEBUG - 绘制视图: fermi
2025-07-17 19:58:09 - DEBUG - 使用可视化器类型: FPLOVisualizer
2025-07-17 19:58:09 - DEBUG - 调用费米专注绘制方法
2025-07-17 19:58:09 - INFO - 费米专注模式绘制完成，能量范围: -9.00 ~ 24.00 eV
2025-07-17 19:58:10 - DEBUG - 绘制视图: fermi
2025-07-17 19:58:10 - DEBUG - 使用可视化器类型: FPLOVisualizer
2025-07-17 19:58:10 - DEBUG - 调用费米专注绘制方法
2025-07-17 19:58:10 - INFO - 费米专注模式绘制完成，能量范围: -9.00 ~ 24.00 eV
2025-07-17 19:59:08 - DEBUG - 绘制视图: fermi
2025-07-17 19:59:08 - DEBUG - 使用可视化器类型: FPLOVisualizer
2025-07-17 19:59:08 - DEBUG - 调用费米专注绘制方法
2025-07-17 19:59:09 - INFO - 费米专注模式绘制完成，能量范围: -9.00 ~ 24.00 eV
2025-07-17 19:59:10 - DEBUG - 绘制视图: fermi
2025-07-17 19:59:10 - DEBUG - 使用可视化器类型: FPLOVisualizer
2025-07-17 19:59:10 - DEBUG - 调用费米专注绘制方法
2025-07-17 19:59:10 - INFO - 费米专注模式绘制完成，能量范围: -9.00 ~ 24.00 eV
2025-07-17 19:59:11 - DEBUG - 绘制视图: fermi
2025-07-17 19:59:11 - DEBUG - 使用可视化器类型: FPLOVisualizer
2025-07-17 19:59:11 - DEBUG - 调用费米专注绘制方法
2025-07-17 19:59:11 - INFO - 费米专注模式绘制完成，能量范围: -9.00 ~ 24.00 eV
2025-07-17 19:59:12 - DEBUG - 绘制视图: fermi
2025-07-17 19:59:12 - DEBUG - 使用可视化器类型: FPLOVisualizer
2025-07-17 19:59:12 - DEBUG - 调用费米专注绘制方法
2025-07-17 19:59:12 - INFO - 费米专注模式绘制完成，能量范围: -9.00 ~ 24.00 eV
2025-07-17 19:59:20 - INFO - STATUS: 程序正在关闭...
2025-07-17 19:59:20 - INFO - [19:59:20] 用户操作: 关闭程序
2025-07-17 19:59:20 - INFO - ============================================================
2025-07-17 19:59:20 - INFO - FPLO可视化工具结束
2025-07-17 19:59:20 - INFO - 结束时间: 2025-07-17 19:59:20.359159
2025-07-17 19:59:20 - INFO - 运行时长: 0:03:55.348432
2025-07-17 19:59:20 - INFO - ============================================================
