2025-07-17 20:01:02 - INFO - ============================================================
2025-07-17 20:01:02 - INFO - FPLO可视化工具启动
2025-07-17 20:01:02 - INFO - 启动时间: 2025-07-17 20:01:02.401978
2025-07-17 20:01:02 - INFO - Python版本: 3.12.3 (main, Jun 18 2025, 17:59:45) [GCC 13.3.0]
2025-07-17 20:01:02 - INFO - ============================================================
2025-07-17 20:01:03 - INFO - STATUS: FPLO可视化工具主窗口初始化
2025-07-17 20:01:03 - INFO - 程序启动完成
2025-07-17 20:01:07 - INFO - [20:01:07] 用户操作: 打开文件对话框
2025-07-17 20:01:09 - INFO - [20:01:09] 用户操作: 选择文件 - /mnt/d/Code/FPLO_bwei_plot/+bweights
2025-07-17 20:01:09 - INFO - 开始加载文件: /mnt/d/Code/FPLO_bwei_plot/+bweights
2025-07-17 20:01:09 - INFO - 开始读取文件...
2025-07-17 20:01:09 - INFO - 初始化可视化器...
2025-07-17 20:01:09 - INFO - 分析文件信息...
2025-07-17 20:01:14 - INFO - 解析头部和轨道信息...
2025-07-17 20:01:14 - INFO - 读取和重组数据...
2025-07-17 20:01:23 - INFO - 数据采样: 限制到 200 个k点以提高性能
2025-07-17 20:01:23 - INFO - 完成数据处理...
2025-07-17 20:01:23 - INFO - 检测到 3 种元素: Ag, Br, Cs
2025-07-17 20:01:23 - INFO - 检测到 3 种轨道: d, p, s
2025-07-17 20:01:23 - INFO - 总计 9 个轨道组合
2025-07-17 20:01:23 - INFO - 数据加载完成!
2025-07-17 20:01:23 - INFO - 加载体系文件: /mnt/d/Code/FPLO_bwei_plot/+bweights
2025-07-17 20:01:23 - INFO - 体系元素: Ag, Br, Cs
2025-07-17 20:01:23 - DEBUG - 绘制视图: complete
2025-07-17 20:01:23 - DEBUG - 使用可视化器类型: FPLOVisualizer
2025-07-17 20:01:23 - DEBUG - 调用完整能带绘制方法
2025-07-17 20:01:23 - INFO - 数据加载完成！
2025-07-17 20:01:23 - INFO - 数据: 元素种类 - 3 种: Ag, Br, Cs
2025-07-17 20:01:23 - INFO - 数据: 轨道类型 - 3 种: d, p, s
2025-07-17 20:01:23 - INFO - 数据: 轨道组合 - 总计 9 个
2025-07-17 20:01:23 - INFO -   Cs s: 6 个权重, 颜色: #c5dbf1
2025-07-17 20:01:23 - INFO -   Cs p: 12 个权重, 颜色: #ffd1a3
2025-07-17 20:01:23 - INFO -   Cs d: 20 个权重, 颜色: #c7e9c7
2025-07-17 20:01:23 - INFO -   Ag s: 6 个权重, 颜色: #1f77b4
2025-07-17 20:01:23 - INFO -   Ag p: 12 个权重, 颜色: #ff7f0e
2025-07-17 20:01:23 - INFO -   Ag d: 20 个权重, 颜色: #2ca02c
2025-07-17 20:01:23 - INFO -   Br s: 18 个权重, 颜色: #aec7e8
2025-07-17 20:01:23 - INFO -   Br p: 54 个权重, 颜色: #ffbb78
2025-07-17 20:01:23 - INFO -   Br d: 60 个权重, 颜色: #98df8a
2025-07-17 20:01:23 - INFO - 可以开始分析，使用右侧面板控制显示
2025-07-17 20:01:31 - INFO - [20:01:31] 用户操作: 切换到费米专注模式
2025-07-17 20:01:31 - INFO - 切换到费米专注可视化器
2025-07-17 20:01:31 - DEBUG - 已清除完整能带缓存
2025-07-17 20:01:31 - INFO - 创建新的费米专注可视化器
2025-07-17 20:02:16 - DEBUG - 绘制视图: fermi
2025-07-17 20:02:16 - DEBUG - 使用可视化器类型: FPLOVisualizer
2025-07-17 20:02:16 - DEBUG - 调用费米专注绘制方法
2025-07-17 20:02:16 - INFO - 费米专注模式绘制完成，能量范围: -5.00 ~ 5.00 eV
2025-07-17 20:02:34 - DEBUG - 绘制视图: fermi
2025-07-17 20:02:34 - DEBUG - 使用可视化器类型: FPLOVisualizer
2025-07-17 20:02:34 - DEBUG - 调用费米专注绘制方法
2025-07-17 20:02:34 - INFO - 费米专注模式绘制完成，能量范围: -5.00 ~ 5.00 eV
2025-07-17 20:02:39 - DEBUG - 绘制视图: fermi
2025-07-17 20:02:39 - DEBUG - 使用可视化器类型: FPLOVisualizer
2025-07-17 20:02:39 - DEBUG - 调用费米专注绘制方法
2025-07-17 20:02:39 - INFO - 费米专注模式绘制完成，能量范围: -5.00 ~ 5.00 eV
2025-07-17 20:02:40 - DEBUG - 绘制视图: fermi
2025-07-17 20:02:40 - DEBUG - 使用可视化器类型: FPLOVisualizer
2025-07-17 20:02:40 - DEBUG - 调用费米专注绘制方法
2025-07-17 20:02:40 - INFO - 费米专注模式绘制完成，能量范围: -5.00 ~ 5.00 eV
2025-07-17 20:02:41 - DEBUG - 绘制视图: fermi
2025-07-17 20:02:41 - DEBUG - 使用可视化器类型: FPLOVisualizer
2025-07-17 20:02:41 - DEBUG - 调用费米专注绘制方法
2025-07-17 20:02:41 - INFO - 费米专注模式绘制完成，能量范围: -5.00 ~ 5.00 eV
2025-07-17 20:02:41 - DEBUG - 绘制视图: fermi
2025-07-17 20:02:41 - DEBUG - 使用可视化器类型: FPLOVisualizer
2025-07-17 20:02:41 - DEBUG - 调用费米专注绘制方法
2025-07-17 20:02:41 - INFO - 费米专注模式绘制完成，能量范围: -5.00 ~ 5.00 eV
2025-07-17 20:02:46 - DEBUG - 绘制视图: fermi
2025-07-17 20:02:46 - DEBUG - 使用可视化器类型: FPLOVisualizer
2025-07-17 20:02:46 - DEBUG - 调用费米专注绘制方法
2025-07-17 20:02:46 - INFO - 费米专注模式绘制完成，能量范围: -5.00 ~ 5.00 eV
2025-07-17 20:02:46 - DEBUG - 绘制视图: fermi
2025-07-17 20:02:46 - DEBUG - 使用可视化器类型: FPLOVisualizer
2025-07-17 20:02:46 - DEBUG - 调用费米专注绘制方法
2025-07-17 20:02:47 - INFO - 费米专注模式绘制完成，能量范围: -5.00 ~ 5.00 eV
2025-07-17 20:02:47 - DEBUG - 绘制视图: fermi
2025-07-17 20:02:47 - DEBUG - 使用可视化器类型: FPLOVisualizer
2025-07-17 20:02:47 - DEBUG - 调用费米专注绘制方法
2025-07-17 20:02:47 - INFO - 费米专注模式绘制完成，能量范围: -5.00 ~ 5.00 eV
2025-07-17 20:02:47 - DEBUG - 绘制视图: fermi
2025-07-17 20:02:47 - DEBUG - 使用可视化器类型: FPLOVisualizer
2025-07-17 20:02:47 - DEBUG - 调用费米专注绘制方法
2025-07-17 20:02:47 - INFO - 费米专注模式绘制完成，能量范围: -5.00 ~ 5.00 eV
2025-07-17 20:02:48 - DEBUG - 绘制视图: fermi
2025-07-17 20:02:48 - DEBUG - 使用可视化器类型: FPLOVisualizer
2025-07-17 20:02:48 - DEBUG - 调用费米专注绘制方法
2025-07-17 20:02:48 - INFO - 费米专注模式绘制完成，能量范围: -5.00 ~ 5.00 eV
2025-07-17 20:02:48 - DEBUG - 绘制视图: fermi
2025-07-17 20:02:48 - DEBUG - 使用可视化器类型: FPLOVisualizer
2025-07-17 20:02:48 - DEBUG - 调用费米专注绘制方法
2025-07-17 20:02:48 - INFO - 费米专注模式绘制完成，能量范围: -5.00 ~ 5.00 eV
2025-07-17 20:02:49 - DEBUG - 绘制视图: fermi
2025-07-17 20:02:49 - DEBUG - 使用可视化器类型: FPLOVisualizer
2025-07-17 20:02:49 - DEBUG - 调用费米专注绘制方法
2025-07-17 20:02:49 - INFO - 费米专注模式绘制完成，能量范围: -5.00 ~ 5.00 eV
2025-07-17 20:02:49 - DEBUG - 绘制视图: fermi
2025-07-17 20:02:49 - DEBUG - 使用可视化器类型: FPLOVisualizer
2025-07-17 20:02:49 - DEBUG - 调用费米专注绘制方法
2025-07-17 20:02:49 - INFO - 费米专注模式绘制完成，能量范围: -5.00 ~ 5.00 eV
2025-07-17 20:02:49 - DEBUG - 绘制视图: fermi
2025-07-17 20:02:49 - DEBUG - 使用可视化器类型: FPLOVisualizer
2025-07-17 20:02:49 - DEBUG - 调用费米专注绘制方法
2025-07-17 20:02:49 - INFO - 费米专注模式绘制完成，能量范围: -5.00 ~ 5.00 eV
2025-07-17 20:02:50 - DEBUG - 绘制视图: fermi
2025-07-17 20:02:50 - DEBUG - 使用可视化器类型: FPLOVisualizer
2025-07-17 20:02:50 - DEBUG - 调用费米专注绘制方法
2025-07-17 20:02:50 - INFO - 费米专注模式绘制完成，能量范围: -5.00 ~ 5.00 eV
2025-07-17 20:02:50 - DEBUG - 绘制视图: fermi
2025-07-17 20:02:50 - DEBUG - 使用可视化器类型: FPLOVisualizer
2025-07-17 20:02:50 - DEBUG - 调用费米专注绘制方法
2025-07-17 20:02:50 - INFO - 费米专注模式绘制完成，能量范围: -5.00 ~ 5.00 eV
2025-07-17 20:02:51 - DEBUG - 绘制视图: fermi
2025-07-17 20:02:51 - DEBUG - 使用可视化器类型: FPLOVisualizer
2025-07-17 20:02:51 - DEBUG - 调用费米专注绘制方法
2025-07-17 20:02:51 - INFO - 费米专注模式绘制完成，能量范围: -5.00 ~ 5.00 eV
2025-07-17 20:02:51 - DEBUG - 绘制视图: fermi
2025-07-17 20:02:51 - DEBUG - 使用可视化器类型: FPLOVisualizer
2025-07-17 20:02:51 - DEBUG - 调用费米专注绘制方法
2025-07-17 20:02:51 - INFO - 费米专注模式绘制完成，能量范围: -5.00 ~ 5.00 eV
2025-07-17 20:02:52 - DEBUG - 绘制视图: fermi
2025-07-17 20:02:52 - DEBUG - 使用可视化器类型: FPLOVisualizer
2025-07-17 20:02:52 - DEBUG - 调用费米专注绘制方法
2025-07-17 20:02:52 - INFO - 费米专注模式绘制完成，能量范围: -5.00 ~ 5.00 eV
2025-07-17 20:02:52 - DEBUG - 绘制视图: fermi
2025-07-17 20:02:52 - DEBUG - 使用可视化器类型: FPLOVisualizer
2025-07-17 20:02:52 - DEBUG - 调用费米专注绘制方法
2025-07-17 20:02:52 - INFO - 费米专注模式绘制完成，能量范围: -5.00 ~ 5.00 eV
2025-07-17 20:02:52 - DEBUG - 绘制视图: fermi
2025-07-17 20:02:52 - DEBUG - 使用可视化器类型: FPLOVisualizer
2025-07-17 20:02:52 - DEBUG - 调用费米专注绘制方法
2025-07-17 20:02:52 - INFO - 费米专注模式绘制完成，能量范围: -5.00 ~ 5.00 eV
2025-07-17 20:02:53 - DEBUG - 绘制视图: fermi
2025-07-17 20:02:53 - DEBUG - 使用可视化器类型: FPLOVisualizer
2025-07-17 20:02:53 - DEBUG - 调用费米专注绘制方法
2025-07-17 20:02:53 - INFO - 费米专注模式绘制完成，能量范围: -5.00 ~ 5.00 eV
2025-07-17 20:02:55 - DEBUG - 绘制视图: fermi
2025-07-17 20:02:55 - DEBUG - 使用可视化器类型: FPLOVisualizer
2025-07-17 20:02:55 - DEBUG - 调用费米专注绘制方法
2025-07-17 20:02:55 - INFO - 费米专注模式绘制完成，能量范围: -5.00 ~ 5.00 eV
2025-07-17 20:02:56 - DEBUG - 绘制视图: fermi
2025-07-17 20:02:56 - DEBUG - 使用可视化器类型: FPLOVisualizer
2025-07-17 20:02:56 - DEBUG - 调用费米专注绘制方法
2025-07-17 20:02:56 - INFO - 费米专注模式绘制完成，能量范围: -5.00 ~ 5.00 eV
2025-07-17 20:03:11 - DEBUG - 绘制视图: fermi
2025-07-17 20:03:11 - DEBUG - 使用可视化器类型: FPLOVisualizer
2025-07-17 20:03:11 - DEBUG - 调用费米专注绘制方法
2025-07-17 20:03:11 - INFO - 费米专注模式绘制完成，能量范围: -5.00 ~ 5.00 eV
2025-07-17 20:03:12 - DEBUG - 绘制视图: fermi
2025-07-17 20:03:12 - DEBUG - 使用可视化器类型: FPLOVisualizer
2025-07-17 20:03:12 - DEBUG - 调用费米专注绘制方法
2025-07-17 20:03:12 - INFO - 费米专注模式绘制完成，能量范围: -5.00 ~ 5.00 eV
2025-07-17 20:03:18 - DEBUG - 绘制视图: fermi
2025-07-17 20:03:18 - DEBUG - 使用可视化器类型: FPLOVisualizer
2025-07-17 20:03:18 - DEBUG - 调用费米专注绘制方法
2025-07-17 20:03:18 - INFO - 费米专注模式绘制完成，能量范围: -5.00 ~ 5.00 eV
2025-07-17 20:03:18 - DEBUG - 绘制视图: fermi
2025-07-17 20:03:18 - DEBUG - 使用可视化器类型: FPLOVisualizer
2025-07-17 20:03:18 - DEBUG - 调用费米专注绘制方法
2025-07-17 20:03:19 - INFO - 费米专注模式绘制完成，能量范围: -5.00 ~ 5.00 eV
2025-07-17 20:03:19 - DEBUG - 绘制视图: fermi
2025-07-17 20:03:19 - DEBUG - 使用可视化器类型: FPLOVisualizer
2025-07-17 20:03:19 - DEBUG - 调用费米专注绘制方法
2025-07-17 20:03:19 - INFO - 费米专注模式绘制完成，能量范围: -5.00 ~ 5.00 eV
2025-07-17 20:03:19 - DEBUG - 绘制视图: fermi
2025-07-17 20:03:19 - DEBUG - 使用可视化器类型: FPLOVisualizer
2025-07-17 20:03:19 - DEBUG - 调用费米专注绘制方法
2025-07-17 20:03:19 - INFO - 费米专注模式绘制完成，能量范围: -5.00 ~ 5.00 eV
2025-07-17 20:03:23 - DEBUG - 绘制视图: fermi
2025-07-17 20:03:23 - DEBUG - 使用可视化器类型: FPLOVisualizer
2025-07-17 20:03:23 - DEBUG - 调用费米专注绘制方法
2025-07-17 20:03:23 - INFO - 费米专注模式绘制完成，能量范围: -5.00 ~ 5.00 eV
2025-07-17 20:03:23 - DEBUG - 绘制视图: fermi
2025-07-17 20:03:23 - DEBUG - 使用可视化器类型: FPLOVisualizer
2025-07-17 20:03:23 - DEBUG - 调用费米专注绘制方法
2025-07-17 20:03:23 - INFO - 费米专注模式绘制完成，能量范围: -5.00 ~ 5.00 eV
2025-07-17 23:16:36 - INFO - STATUS: 程序正在关闭...
2025-07-17 23:16:36 - INFO - [23:16:36] 用户操作: 关闭程序
2025-07-17 23:16:36 - INFO - ============================================================
2025-07-17 23:16:36 - INFO - FPLO可视化工具结束
2025-07-17 23:16:36 - INFO - 结束时间: 2025-07-17 23:16:36.590948
2025-07-17 23:16:36 - INFO - 运行时长: 3:15:34.188970
2025-07-17 23:16:36 - INFO - ============================================================
