2025-07-17 14:23:19 - INFO - ============================================================
2025-07-17 14:23:19 - INFO - FPLO可视化工具启动
2025-07-17 14:23:19 - INFO - 启动时间: 2025-07-17 14:23:19.204097
2025-07-17 14:23:19 - INFO - Python版本: 3.12.3 (main, Jun 18 2025, 17:59:45) [GCC 13.3.0]
2025-07-17 14:23:19 - INFO - ============================================================
2025-07-17 14:23:20 - INFO - STATUS: FPLO可视化工具主窗口初始化
2025-07-17 14:23:20 - INFO - 程序启动完成
2025-07-17 14:23:33 - INFO - [14:23:33] 用户操作: 打开文件对话框
2025-07-17 14:23:34 - INFO - [14:23:34] 用户操作: 选择文件 - /mnt/d/Code/FPLO_bwei_plot/+bweights
2025-07-17 14:23:34 - INFO - 开始加载文件: /mnt/d/Code/FPLO_bwei_plot/+bweights
2025-07-17 14:23:34 - INFO - 开始读取文件...
2025-07-17 14:23:34 - INFO - 初始化可视化器...
2025-07-17 14:23:34 - INFO - 分析文件信息...
2025-07-17 14:23:37 - INFO - 解析头部和轨道信息...
2025-07-17 14:23:37 - INFO - 读取和重组数据...
2025-07-17 14:23:44 - INFO - 数据采样: 限制到 200 个k点以提高性能
2025-07-17 14:23:44 - INFO - 完成数据处理...
2025-07-17 14:23:44 - INFO - 检测到 3 种元素: Ag, Br, Cs
2025-07-17 14:23:44 - INFO - 检测到 3 种轨道: d, p, s
2025-07-17 14:23:44 - INFO - 总计 9 个轨道组合
2025-07-17 14:23:44 - INFO - 数据加载完成!
2025-07-17 14:23:44 - INFO - 加载体系文件: /mnt/d/Code/FPLO_bwei_plot/+bweights
2025-07-17 14:23:44 - INFO - 体系元素: Ag, Br, Cs
2025-07-17 14:23:44 - DEBUG - 绘制视图: complete
2025-07-17 14:23:44 - DEBUG - 使用可视化器类型: FPLOVisualizer
2025-07-17 14:23:44 - DEBUG - 调用完整能带绘制方法
2025-07-17 14:23:44 - INFO - 数据加载完成！
2025-07-17 14:23:44 - INFO - 数据: 元素种类 - 3 种: Ag, Br, Cs
2025-07-17 14:23:44 - INFO - 数据: 轨道类型 - 3 种: d, p, s
2025-07-17 14:23:44 - INFO - 数据: 轨道组合 - 总计 9 个
2025-07-17 14:23:44 - INFO -   Cs s: 6 个权重, 颜色: #c5dbf1
2025-07-17 14:23:44 - INFO -   Cs p: 12 个权重, 颜色: #ffd1a3
2025-07-17 14:23:44 - INFO -   Cs d: 20 个权重, 颜色: #c7e9c7
2025-07-17 14:23:44 - INFO -   Ag s: 6 个权重, 颜色: #1f77b4
2025-07-17 14:23:44 - INFO -   Ag p: 12 个权重, 颜色: #ff7f0e
2025-07-17 14:23:44 - INFO -   Ag d: 20 个权重, 颜色: #2ca02c
2025-07-17 14:23:44 - INFO -   Br s: 18 个权重, 颜色: #aec7e8
2025-07-17 14:23:44 - INFO -   Br p: 54 个权重, 颜色: #ffbb78
2025-07-17 14:23:44 - INFO -   Br d: 60 个权重, 颜色: #98df8a
2025-07-17 14:23:44 - INFO - 可以开始分析，使用右侧面板控制显示
2025-07-17 14:23:49 - INFO - [14:23:49] 用户操作: 切换到费米专注模式
2025-07-17 14:23:49 - INFO - 切换到费米专注可视化器
2025-07-17 14:23:49 - DEBUG - 已清除完整能带缓存
2025-07-17 14:23:49 - INFO - 创建新的费米专注可视化器
2025-07-17 14:24:25 - DEBUG - 绘制视图: fermi
2025-07-17 14:24:25 - DEBUG - 使用可视化器类型: FPLOVisualizer
2025-07-17 14:24:25 - DEBUG - 调用费米专注绘制方法
2025-07-17 14:24:25 - INFO - 费米专注模式绘制完成，能量范围: -5.00 ~ 5.00 eV
2025-07-17 14:25:51 - DEBUG - 绘制视图: fermi
2025-07-17 14:25:51 - DEBUG - 使用可视化器类型: FPLOVisualizer
2025-07-17 14:25:51 - DEBUG - 调用费米专注绘制方法
2025-07-17 14:25:52 - INFO - 费米专注模式绘制完成，能量范围: -5.00 ~ 5.00 eV
2025-07-17 14:25:53 - DEBUG - 绘制视图: fermi
2025-07-17 14:25:53 - DEBUG - 使用可视化器类型: FPLOVisualizer
2025-07-17 14:25:53 - DEBUG - 调用费米专注绘制方法
2025-07-17 14:25:53 - INFO - 费米专注模式绘制完成，能量范围: -5.00 ~ 5.00 eV
2025-07-17 14:25:54 - DEBUG - 绘制视图: fermi
2025-07-17 14:25:54 - DEBUG - 使用可视化器类型: FPLOVisualizer
2025-07-17 14:25:54 - DEBUG - 调用费米专注绘制方法
2025-07-17 14:25:54 - INFO - 费米专注模式绘制完成，能量范围: -5.00 ~ 5.00 eV
2025-07-17 14:26:00 - DEBUG - 绘制视图: fermi
2025-07-17 14:26:00 - DEBUG - 使用可视化器类型: FPLOVisualizer
2025-07-17 14:26:00 - DEBUG - 调用费米专注绘制方法
2025-07-17 14:26:01 - INFO - 费米专注模式绘制完成，能量范围: -5.00 ~ 5.00 eV
2025-07-17 14:26:01 - DEBUG - 绘制视图: fermi
2025-07-17 14:26:01 - DEBUG - 使用可视化器类型: FPLOVisualizer
2025-07-17 14:26:01 - DEBUG - 调用费米专注绘制方法
2025-07-17 14:26:01 - INFO - 费米专注模式绘制完成，能量范围: -5.00 ~ 5.00 eV
2025-07-17 14:26:17 - INFO - STATUS: 程序正在关闭...
2025-07-17 14:26:17 - INFO - [14:26:17] 用户操作: 关闭程序
2025-07-17 14:26:17 - INFO - ============================================================
2025-07-17 14:26:17 - INFO - FPLO可视化工具结束
2025-07-17 14:26:17 - INFO - 结束时间: 2025-07-17 14:26:17.159336
2025-07-17 14:26:17 - INFO - 运行时长: 0:02:57.955239
2025-07-17 14:26:17 - INFO - ============================================================
