2025-07-18 09:29:50 - INFO - ============================================================
2025-07-18 09:29:50 - INFO - FPLO可视化工具启动
2025-07-18 09:29:50 - INFO - 启动时间: 2025-07-18 09:29:50.408293
2025-07-18 09:29:50 - INFO - Python版本: 3.12.3 (main, Jun 18 2025, 17:59:45) [GCC 13.3.0]
2025-07-18 09:29:50 - INFO - ============================================================
2025-07-18 09:29:51 - INFO - STATUS: FPLO可视化工具主窗口初始化
2025-07-18 09:29:51 - INFO - 程序启动完成
2025-07-18 09:29:55 - INFO - [09:29:55] 用户操作: 打开文件对话框
2025-07-18 09:29:57 - INFO - [09:29:57] 用户操作: 选择文件 - /mnt/d/Code/FPLO_bwei_plot/+bweights
2025-07-18 09:29:57 - INFO - 开始加载文件: /mnt/d/Code/FPLO_bwei_plot/+bweights
2025-07-18 09:29:57 - INFO - 开始读取文件...
2025-07-18 09:29:57 - INFO - 初始化可视化器...
2025-07-18 09:29:57 - INFO - 分析文件信息...
2025-07-18 09:30:00 - INFO - 解析头部和轨道信息...
2025-07-18 09:30:00 - INFO - 读取和重组数据...
2025-07-18 09:30:07 - INFO - 数据采样: 限制到 200 个k点以提高性能
2025-07-18 09:30:07 - INFO - 完成数据处理...
2025-07-18 09:30:07 - INFO - 检测到 3 种元素: Ag, Br, Cs
2025-07-18 09:30:07 - INFO - 检测到 3 种轨道: d, p, s
2025-07-18 09:30:07 - INFO - 总计 9 个轨道组合
2025-07-18 09:30:07 - INFO - 数据加载完成!
2025-07-18 09:30:07 - INFO - 加载体系文件: /mnt/d/Code/FPLO_bwei_plot/+bweights
2025-07-18 09:30:07 - INFO - 体系元素: Ag, Br, Cs
2025-07-18 09:30:07 - DEBUG - 绘制视图: complete
2025-07-18 09:30:07 - DEBUG - 使用可视化器类型: FPLOVisualizer
2025-07-18 09:30:07 - DEBUG - 调用完整能带绘制方法
2025-07-18 09:30:07 - INFO - 数据加载完成！
2025-07-18 09:30:07 - INFO - 数据: 元素种类 - 3 种: Ag, Br, Cs
2025-07-18 09:30:07 - INFO - 数据: 轨道类型 - 3 种: d, p, s
2025-07-18 09:30:07 - INFO - 数据: 轨道组合 - 总计 9 个
2025-07-18 09:30:07 - INFO -   Cs s: 6 个权重, 颜色: #c5dbf1
2025-07-18 09:30:07 - INFO -   Cs p: 12 个权重, 颜色: #ffd1a3
2025-07-18 09:30:07 - INFO -   Cs d: 20 个权重, 颜色: #c7e9c7
2025-07-18 09:30:07 - INFO -   Ag s: 6 个权重, 颜色: #1f77b4
2025-07-18 09:30:07 - INFO -   Ag p: 12 个权重, 颜色: #ff7f0e
2025-07-18 09:30:07 - INFO -   Ag d: 20 个权重, 颜色: #2ca02c
2025-07-18 09:30:07 - INFO -   Br s: 18 个权重, 颜色: #aec7e8
2025-07-18 09:30:07 - INFO -   Br p: 54 个权重, 颜色: #ffbb78
2025-07-18 09:30:07 - INFO -   Br d: 60 个权重, 颜色: #98df8a
2025-07-18 09:30:07 - INFO - 可以开始分析，使用右侧面板控制显示
2025-07-18 09:30:09 - INFO - [09:30:09] 用户操作: 切换到费米专注模式
2025-07-18 09:30:09 - INFO - 切换到费米专注可视化器
2025-07-18 09:30:09 - DEBUG - 已清除完整能带缓存
2025-07-18 09:30:09 - INFO - 创建新的费米专注可视化器
2025-07-18 09:30:45 - DEBUG - 绘制视图: fermi
2025-07-18 09:30:45 - DEBUG - 使用可视化器类型: FPLOVisualizer
2025-07-18 09:30:45 - DEBUG - 调用费米专注绘制方法
2025-07-18 09:30:45 - INFO - 费米专注模式绘制完成，能量范围: -5.00 ~ 5.00 eV
2025-07-18 09:31:54 - DEBUG - 绘制视图: fermi
2025-07-18 09:31:54 - DEBUG - 使用可视化器类型: FPLOVisualizer
2025-07-18 09:31:54 - DEBUG - 调用费米专注绘制方法
2025-07-18 09:31:55 - INFO - 费米专注模式绘制完成，能量范围: -5.00 ~ 5.00 eV
2025-07-18 09:31:55 - DEBUG - 绘制视图: fermi
2025-07-18 09:31:55 - DEBUG - 使用可视化器类型: FPLOVisualizer
2025-07-18 09:31:55 - DEBUG - 调用费米专注绘制方法
2025-07-18 09:31:55 - INFO - 费米专注模式绘制完成，能量范围: -5.00 ~ 5.00 eV
2025-07-18 09:31:56 - DEBUG - 绘制视图: fermi
2025-07-18 09:31:56 - DEBUG - 使用可视化器类型: FPLOVisualizer
2025-07-18 09:31:56 - DEBUG - 调用费米专注绘制方法
2025-07-18 09:31:57 - INFO - 费米专注模式绘制完成，能量范围: -5.00 ~ 5.00 eV
2025-07-18 09:32:00 - DEBUG - 绘制视图: fermi
2025-07-18 09:32:00 - DEBUG - 使用可视化器类型: FPLOVisualizer
2025-07-18 09:32:00 - DEBUG - 调用费米专注绘制方法
2025-07-18 09:32:00 - INFO - 费米专注模式绘制完成，能量范围: -5.00 ~ 5.00 eV
2025-07-18 09:32:40 - DEBUG - 绘制视图: fermi
2025-07-18 09:32:40 - DEBUG - 使用可视化器类型: FPLOVisualizer
2025-07-18 09:32:40 - DEBUG - 调用费米专注绘制方法
2025-07-18 09:32:40 - INFO - 费米专注模式绘制完成，能量范围: -5.00 ~ 5.00 eV
2025-07-18 09:32:45 - DEBUG - 绘制视图: fermi
2025-07-18 09:32:45 - DEBUG - 使用可视化器类型: FPLOVisualizer
2025-07-18 09:32:45 - DEBUG - 调用费米专注绘制方法
2025-07-18 09:32:45 - INFO - 费米专注模式绘制完成，能量范围: -5.00 ~ 5.50 eV
2025-07-18 09:32:45 - DEBUG - 绘制视图: fermi
2025-07-18 09:32:45 - DEBUG - 使用可视化器类型: FPLOVisualizer
2025-07-18 09:32:45 - DEBUG - 调用费米专注绘制方法
2025-07-18 09:32:45 - INFO - 费米专注模式绘制完成，能量范围: -5.00 ~ 6.00 eV
2025-07-18 09:32:45 - DEBUG - 绘制视图: fermi
2025-07-18 09:32:45 - DEBUG - 使用可视化器类型: FPLOVisualizer
2025-07-18 09:32:45 - DEBUG - 调用费米专注绘制方法
2025-07-18 09:32:45 - INFO - 费米专注模式绘制完成，能量范围: -5.00 ~ 6.50 eV
2025-07-18 09:32:46 - DEBUG - 绘制视图: fermi
2025-07-18 09:32:46 - DEBUG - 使用可视化器类型: FPLOVisualizer
2025-07-18 09:32:46 - DEBUG - 调用费米专注绘制方法
2025-07-18 09:32:46 - INFO - 费米专注模式绘制完成，能量范围: -5.00 ~ 7.00 eV
2025-07-18 09:32:46 - DEBUG - 绘制视图: fermi
2025-07-18 09:32:46 - DEBUG - 使用可视化器类型: FPLOVisualizer
2025-07-18 09:32:46 - DEBUG - 调用费米专注绘制方法
2025-07-18 09:32:46 - INFO - 费米专注模式绘制完成，能量范围: -5.00 ~ 7.50 eV
2025-07-18 09:32:46 - DEBUG - 绘制视图: fermi
2025-07-18 09:32:46 - DEBUG - 使用可视化器类型: FPLOVisualizer
2025-07-18 09:32:46 - DEBUG - 调用费米专注绘制方法
2025-07-18 09:32:46 - INFO - 费米专注模式绘制完成，能量范围: -5.00 ~ 8.00 eV
2025-07-18 09:32:46 - DEBUG - 绘制视图: fermi
2025-07-18 09:32:46 - DEBUG - 使用可视化器类型: FPLOVisualizer
2025-07-18 09:32:46 - DEBUG - 调用费米专注绘制方法
2025-07-18 09:32:46 - INFO - 费米专注模式绘制完成，能量范围: -5.00 ~ 8.50 eV
2025-07-18 09:32:47 - DEBUG - 绘制视图: fermi
2025-07-18 09:32:47 - DEBUG - 使用可视化器类型: FPLOVisualizer
2025-07-18 09:32:47 - DEBUG - 调用费米专注绘制方法
2025-07-18 09:32:47 - INFO - 费米专注模式绘制完成，能量范围: -5.00 ~ 9.00 eV
2025-07-18 09:32:47 - DEBUG - 绘制视图: fermi
2025-07-18 09:32:47 - DEBUG - 使用可视化器类型: FPLOVisualizer
2025-07-18 09:32:47 - DEBUG - 调用费米专注绘制方法
2025-07-18 09:32:47 - INFO - 费米专注模式绘制完成，能量范围: -5.00 ~ 9.50 eV
2025-07-18 09:32:47 - DEBUG - 绘制视图: fermi
2025-07-18 09:32:47 - DEBUG - 使用可视化器类型: FPLOVisualizer
2025-07-18 09:32:47 - DEBUG - 调用费米专注绘制方法
2025-07-18 09:32:47 - INFO - 费米专注模式绘制完成，能量范围: -5.00 ~ 10.00 eV
2025-07-18 09:32:47 - DEBUG - 绘制视图: fermi
2025-07-18 09:32:47 - DEBUG - 使用可视化器类型: FPLOVisualizer
2025-07-18 09:32:47 - DEBUG - 调用费米专注绘制方法
2025-07-18 09:32:47 - INFO - 费米专注模式绘制完成，能量范围: -5.00 ~ 10.50 eV
2025-07-18 09:32:47 - DEBUG - 绘制视图: fermi
2025-07-18 09:32:47 - DEBUG - 使用可视化器类型: FPLOVisualizer
2025-07-18 09:32:47 - DEBUG - 调用费米专注绘制方法
2025-07-18 09:32:47 - INFO - 费米专注模式绘制完成，能量范围: -5.00 ~ 11.00 eV
2025-07-18 09:32:47 - DEBUG - 绘制视图: fermi
2025-07-18 09:32:47 - DEBUG - 使用可视化器类型: FPLOVisualizer
2025-07-18 09:32:47 - DEBUG - 调用费米专注绘制方法
2025-07-18 09:32:48 - INFO - 费米专注模式绘制完成，能量范围: -5.00 ~ 11.50 eV
2025-07-18 09:32:48 - DEBUG - 绘制视图: fermi
2025-07-18 09:32:48 - DEBUG - 使用可视化器类型: FPLOVisualizer
2025-07-18 09:32:48 - DEBUG - 调用费米专注绘制方法
2025-07-18 09:32:48 - INFO - 费米专注模式绘制完成，能量范围: -5.00 ~ 12.00 eV
2025-07-18 09:32:50 - INFO - STATUS: 程序正在关闭...
2025-07-18 09:32:50 - INFO - [09:32:50] 用户操作: 关闭程序
2025-07-18 09:32:50 - INFO - ============================================================
2025-07-18 09:32:50 - INFO - FPLO可视化工具结束
2025-07-18 09:32:50 - INFO - 结束时间: 2025-07-18 09:32:50.167201
2025-07-18 09:32:50 - INFO - 运行时长: 0:02:59.758908
2025-07-18 09:32:50 - INFO - ============================================================
